<?xml version="1.0" encoding="UTF-8"?>
<!-- Generated by org.testng.reporters.JUnitReportReporter -->
<testsuite hostname="Karthika-PC" failures="0" tests="1" name="learning.loginfb" time="17.084" errors="0" timestamp="2019-11-24T19:16:36 IST" skipped="0">
  <testcase classname="learning.loginfb" name="loginapp" time="17.084"/>
</testsuite> <!-- learning.loginfb -->
